<?xml version="1.0" encoding="UTF-8"?>
<!-- Generated by org.testng.reporters.JUnitReportReporter -->
<testsuite hostname="Lenovo-AIO" failures="0" tests="1" name="Testcases.TestComponents" time="4.104" errors="0" timestamp="2024-09-05T13:43:06 CEST" skipped="0">
  <testcase classname="Testcases.TestComponents" name="testModals" time="4.104"/>
</testsuite> <!-- Testcases.TestComponents -->
